<?xml version="1.0" encoding="UTF-8"?>
<testsuite name="org.opendaylight.controller.protocol_plugin.openflow.vendorextension.v6extension.V6MatchTest" time="0.047" tests="9" errors="0" skipped="0" failures="0">
  <properties>
[...]
</properties>
  <testcase name="testFromStringVlanTci" classname="org.opendaylight.controller.protocol_plugin.openflow.vendorextension.v6extension.V6MatchTest" time="0.001"/>
  <testcase name="testSetVlanTCI" classname="org.opendaylight.controller.protocol_plugin.openflow.vendorextension.v6extension.V6MatchTest" time="0.005"/>
  <testcase name="testSetDataLayerVirtualLanPriorityCodePoint" classname="org.opendaylight.controller.protocol_plugin.openflow.vendorextension.v6extension.V6MatchTest" time="0.005"/>
  <testcase name="testSetDataLayerVirtualLan" classname="org.opendaylight.controller.protocol_plugin.openflow.vendorextension.v6extension.V6MatchTest" time="0.007"/>
  <testcase name="testReadFromInputPort" classname="org.opendaylight.controller.protocol_plugin.openflow.vendorextension.v6extension.V6MatchTest" time="0.006"/>
  <testcase name="testReadFromVlanTci" classname="org.opendaylight.controller.protocol_plugin.openflow.vendorextension.v6extension.V6MatchTest" time="0.006"/>
  <testcase name="testSetInputPort" classname="org.opendaylight.controller.protocol_plugin.openflow.vendorextension.v6extension.V6MatchTest" time="0.006"/>
  <testcase name="testWriteToInputPort" classname="org.opendaylight.controller.protocol_plugin.openflow.vendorextension.v6extension.V6MatchTest" time="0.005"/>
  <testcase name="testWriteToVlanTci" classname="org.opendaylight.controller.protocol_plugin.openflow.vendorextension.v6extension.V6MatchTest" time="0.006"/>
</testsuite>