<?xml version="1.0" encoding="UTF-8"?>
<testsuite name="org.opendaylight.controller.protocol_plugin.openflow.internal.FlowProgrammerServiceTest" time="0.214" tests="4" errors="0" skipped="0" failures="0">
  <properties>
[...]
</properties>
  <testcase name="testV6MatchToSALMatchToV6MatchConversion" classname="org.opendaylight.controller.protocol_plugin.openflow.internal.FlowProgrammerServiceTest" time="0.07"/>
  <testcase name="testSALtoOFFlowConverter" classname="org.opendaylight.controller.protocol_plugin.openflow.internal.FlowProgrammerServiceTest" time="0.125"/>
  <testcase name="testV6toSALFlowConversion" classname="org.opendaylight.controller.protocol_plugin.openflow.internal.FlowProgrammerServiceTest" time="0.014"/>
  <testcase name="testVlanNoneIdFlowConversion" classname="org.opendaylight.controller.protocol_plugin.openflow.internal.FlowProgrammerServiceTest" time="0.005"/>
</testsuite>